  ++++++ include paths ++++++
   -I./../Src/Gen/Platform -I./../Src/Gen/Platform/AVR/avrgcc -I./../Src/Gen/Arduino/avr/variants/mega -I./../Src/Gen/Arduino/avr/cores/arduino  -I./../Src/Prj/App/Signal  -I./../Src/Gen -I./../../Tools/avr8-gnu-toolchain/3.7.0.1796/lib/gcc/avr/7.3.0/include -I./../../Tools/avr8-gnu-toolchain/3.7.0.1796/lib/gcc/avr/7.3.0/include-fixed -I./../../Tools/avr8-gnu-toolchain/3.7.0.1796/avr/include
  $(SolutionDir)Src/Gen/Platform;$(SolutionDir)Src/Gen/Platform/AVR/avrgcc;$(SolutionDir)Src/Gen/Arduino/avr/variants/mega;$(SolutionDir)Src/Gen/Arduino/avr/cores/arduino;$(SolutionDir)Src/Prj/App/Signal;$(SolutionDir)Src/Gen;$(SolutionDir)../Tools/avr8-gnu-toolchain/3.7.0.1796/lib/gcc/avr/7.3.0/include;$(SolutionDir)../Tools/avr8-gnu-toolchain/3.7.0.1796/lib/gcc/avr/7.3.0/include-fixed;$(SolutionDir)../Tools/avr8-gnu-toolchain/3.7.0.1796/avr/include;
  +++++ compile ./../Src/Prj/App/Signal/InputClassifier.cpp to Tmp/InputClassifier.o
  +++++ compile ./../Src/Prj/App/Signal/InputCommand.cpp to Tmp/InputCommand.o
  +++++ compile ./../Src/Prj/App/Signal/LedRouter.cpp to Tmp/LedRouter.o
  +++++ compile ./../Src/Prj/App/Signal/Sig.cpp to Tmp/Sig.o
  +++++ compile ./../Src/Prj/App/Signal/Signal.cpp to Tmp/Signal.o
  +++++ compile ./../Src/Prj/App/Signal/Cal/CalM.cpp to Tmp/CalM.o
  +++++ compile ./../Src/Gen/Rte/Rte.cpp to Tmp/Rte.o
  +++++ compile ./../Src/Gen/Arduino/avr/cores/arduino/abi.cpp to Tmp/abi.o
  +++++ compile ./../Src/Gen/Arduino/avr/cores/arduino/CDC.cpp to Tmp/CDC.o
  +++++ compile ./../Src/Gen/Arduino/avr/cores/arduino/HardwareSerial.cpp to Tmp/HardwareSerial.o
  +++++ compile ./../Src/Gen/Arduino/avr/cores/arduino/HardwareSerial0.cpp to Tmp/HardwareSerial0.o
  +++++ compile ./../Src/Gen/Arduino/avr/cores/arduino/HardwareSerial1.cpp to Tmp/HardwareSerial1.o
  +++++ compile ./../Src/Gen/Arduino/avr/cores/arduino/HardwareSerial2.cpp to Tmp/HardwareSerial2.o
  +++++ compile ./../Src/Gen/Arduino/avr/cores/arduino/HardwareSerial3.cpp to Tmp/HardwareSerial3.o
  +++++ compile ./../Src/Gen/Arduino/avr/cores/arduino/hooks.c to Tmp/hooks.o
  +++++ compile ./../Src/Gen/Arduino/avr/cores/arduino/IPAddress.cpp to Tmp/IPAddress.o
  +++++ compile ./../Src/Gen/Arduino/avr/cores/arduino/main.cpp to Tmp/main.o
  +++++ compile ./../Src/Gen/Arduino/avr/cores/arduino/new.cpp to Tmp/new.o
  +++++ compile ./../Src/Gen/Arduino/avr/cores/arduino/PluggableUSB.cpp to Tmp/PluggableUSB.o
  +++++ compile ./../Src/Gen/Arduino/avr/cores/arduino/Print.cpp to Tmp/Print.o
  +++++ compile ./../Src/Gen/Arduino/avr/cores/arduino/Stream.cpp to Tmp/Stream.o
  +++++ compile ./../Src/Gen/Arduino/avr/cores/arduino/Tone.cpp to Tmp/Tone.o
  +++++ compile ./../Src/Gen/Arduino/avr/cores/arduino/USBCore.cpp to Tmp/USBCore.o
  +++++ compile ./../Src/Gen/Arduino/avr/cores/arduino/WInterrupts.c to Tmp/WInterrupts.o
  +++++ compile ./../Src/Gen/Arduino/avr/cores/arduino/wiring.c to Tmp/wiring.o
  +++++ compile ./../Src/Gen/Arduino/avr/cores/arduino/wiring_analog.c to Tmp/wiring_analog.o
  +++++ compile ./../Src/Gen/Arduino/avr/cores/arduino/wiring_digital.c to Tmp/wiring_digital.o
  +++++ compile ./../Src/Gen/Arduino/avr/cores/arduino/wiring_pulse.c to Tmp/wiring_pulse.o
  +++++ compile ./../Src/Gen/Arduino/avr/cores/arduino/wiring_shift.c to Tmp/wiring_shift.o
  +++++ compile ./../Src/Gen/Arduino/avr/cores/arduino/WMath.cpp to Tmp/WMath.o
  +++++ compile ./../Src/Gen/Arduino/avr/cores/arduino/WString.cpp to Tmp/WString.o
  +++++ linking Bin/Signal.elf +++++
  +++++ converting Bin/Signal.elf into Bin/Signal.hex +++++
